2020-02-10 12:30:43.042 [INF] BTCD config.go:729: RPC service is disabled
2020-02-10 12:30:43.074 [TRC] BTCD config.go:1185: ShowVersion          :false
2020-02-10 12:30:43.076 [TRC] BTCD config.go:1186: ConfigFile           :F:\goproject\src\github.com\wangzhen0101\wzbtc\btcd.conf
2020-02-10 12:30:43.076 [TRC] BTCD config.go:1187: DataDir              :F:\goproject\src\github.com\wangzhen0101\wzbtc\mainnet
2020-02-10 12:30:43.078 [TRC] BTCD config.go:1188: LogDir               :F:\goproject\src\github.com\wangzhen0101\wzbtc\mainnet
2020-02-10 12:30:43.079 [TRC] BTCD config.go:1191: DisableListen        :false
2020-02-10 12:30:43.080 [TRC] BTCD config.go:1192: Listeners[0]        ::8333
2020-02-10 12:30:43.091 [TRC] BTCD config.go:1193: MaxPeers             :125
2020-02-10 12:30:43.091 [TRC] BTCD config.go:1194: DisableBanning       :false
2020-02-10 12:30:43.091 [TRC] BTCD config.go:1195: BanDuration          :86400000000000
2020-02-10 12:30:43.092 [TRC] BTCD config.go:1196: BanThreshold         :100
2020-02-10 12:30:43.093 [TRC] BTCD config.go:1200: RPCUser              :
2020-02-10 12:30:43.093 [TRC] BTCD config.go:1201: RPCPass              :
2020-02-10 12:30:43.094 [TRC] BTCD config.go:1202: RPCLimitUser         :
2020-02-10 12:30:43.094 [TRC] BTCD config.go:1203: RPCLimitPass         :
2020-02-10 12:30:43.094 [TRC] BTCD config.go:1205: RPCCert              :C:\Users\wangzhen\AppData\Local\Btcd\rpc.cert
2020-02-10 12:30:43.095 [TRC] BTCD config.go:1206: RPCKey               :C:\Users\wangzhen\AppData\Local\Btcd\rpc.key
2020-02-10 12:30:43.098 [TRC] BTCD config.go:1207: RPCMaxClients        :10
2020-02-10 12:30:43.099 [TRC] BTCD config.go:1208: RPCMaxWebsockets     :25
2020-02-10 12:30:43.100 [TRC] BTCD config.go:1209: RPCMaxConcurrentReqs :20
2020-02-10 12:30:43.100 [TRC] BTCD config.go:1210: RPCQuirks            :false
2020-02-10 12:30:43.100 [TRC] BTCD config.go:1211: DisableRPC           :true
2020-02-10 12:30:43.100 [TRC] BTCD config.go:1212: DisableTLS           :false
2020-02-10 12:30:43.101 [TRC] BTCD config.go:1213: DisableDNSSeed       :false
2020-02-10 12:30:43.101 [TRC] BTCD config.go:1215: Proxy                :
2020-02-10 12:30:43.102 [TRC] BTCD config.go:1216: ProxyUser            :
2020-02-10 12:30:43.102 [TRC] BTCD config.go:1217: ProxyPass            :
2020-02-10 12:30:43.103 [TRC] BTCD config.go:1218: OnionProxy           :
2020-02-10 12:30:43.103 [TRC] BTCD config.go:1219: OnionProxyUser       :
2020-02-10 12:30:43.104 [TRC] BTCD config.go:1220: OnionProxyPass       :
2020-02-10 12:30:43.106 [TRC] BTCD config.go:1221: NoOnion              :false
2020-02-10 12:30:43.106 [TRC] BTCD config.go:1222: TorIsolation         :false
2020-02-10 12:30:43.106 [TRC] BTCD config.go:1223: TestNet3             :false
2020-02-10 12:30:43.107 [TRC] BTCD config.go:1224: RegressionTest       :false
2020-02-10 12:30:43.111 [TRC] BTCD config.go:1225: SimNet               :false
2020-02-10 12:30:43.111 [TRC] BTCD config.go:1227: DisableCheckpoints   :false
2020-02-10 12:30:43.112 [TRC] BTCD config.go:1228: DbType               :ffldb
2020-02-10 12:30:43.112 [TRC] BTCD config.go:1229: Profile              :
2020-02-10 12:30:43.113 [TRC] BTCD config.go:1230: CPUProfile           :
2020-02-10 12:30:43.113 [TRC] BTCD config.go:1231: DebugLevel           :trace
2020-02-10 12:30:43.113 [TRC] BTCD config.go:1232: Upnp                 :false
2020-02-10 12:30:43.113 [TRC] BTCD config.go:1233: MinRelayTxFee        :0.000010
2020-02-10 12:30:43.114 [TRC] BTCD config.go:1234: FreeTxRelayLimit     :15.000000
2020-02-10 12:30:43.114 [TRC] BTCD config.go:1235: NoRelayPriority      :false
2020-02-10 12:30:43.114 [TRC] BTCD config.go:1236: TrickleInterval      :10000000000
2020-02-10 12:30:43.114 [TRC] BTCD config.go:1237: MaxOrphanTxs         :100
2020-02-10 12:30:43.115 [TRC] BTCD config.go:1238: Generate             :false
2020-02-10 12:30:43.115 [TRC] BTCD config.go:1240: BlockMinSize         :0
2020-02-10 12:30:43.115 [TRC] BTCD config.go:1241: BlockMaxSize         :750000
2020-02-10 12:30:43.115 [TRC] BTCD config.go:1242: BlockMinWeight       :0
2020-02-10 12:30:43.116 [TRC] BTCD config.go:1243: BlockMaxWeight       :3000000
2020-02-10 12:30:43.116 [TRC] BTCD config.go:1244: BlockPrioritySize    :50000
2020-02-10 12:30:43.116 [TRC] BTCD config.go:1246: NoPeerBloomFilters   :false
2020-02-10 12:30:43.116 [TRC] BTCD config.go:1247: NoCFilters           :false
2020-02-10 12:30:43.117 [TRC] BTCD config.go:1248: DropCfIndex          :false
2020-02-10 12:30:43.117 [TRC] BTCD config.go:1249: SigCacheMaxSize      :100000
2020-02-10 12:30:43.117 [TRC] BTCD config.go:1250: BlocksOnly           :false
2020-02-10 12:30:43.118 [TRC] BTCD config.go:1251: TxIndex              :false
2020-02-10 12:30:43.121 [TRC] BTCD config.go:1252: DropTxIndex          :false
2020-02-10 12:30:43.122 [TRC] BTCD config.go:1253: AddrIndex            :false
2020-02-10 12:30:43.124 [TRC] BTCD config.go:1254: DropAddrIndex        :false
2020-02-10 12:30:43.124 [TRC] BTCD config.go:1255: RelayNonStd          :false
2020-02-10 12:30:43.125 [TRC] BTCD config.go:1256: RejectNonStd         :false
2020-02-10 12:30:43.125 [TRC] BTCD config.go:1257: RejectReplacement    :false
2020-02-10 12:30:43.125 [INF] BTCD btcd.go:29: Version 0.20.1-beta
2020-02-10 12:30:43.126 [INF] BTCD btcd.go:31: start success.
2020-02-10 12:30:46.127 [INF] BTCD btcd.go:41: Shutdown complete
